<?xml version="1.0" encoding="UTF-8"?>
<testng-results ignored="0" total="4" passed="3" failed="1" skipped="0">
  <reporter-output>
  </reporter-output>
  <suite started-at="2021-06-06T18:00:01 EET" name="Suite" finished-at="2021-06-06T18:00:22 EET" duration-ms="20921">
    <groups>
    </groups>
    <test started-at="2021-06-06T18:00:01 EET" name="Test" finished-at="2021-06-06T18:00:22 EET" duration-ms="20921">
      <class name="TestNG_TestSuite.EditProfileProfileSummarySection">
        <test-method is-config="true" signature="beforeMethod()[pri:0, instance:TestNG_TestSuite.EditProfileProfileSummarySection@a3d8174]" started-at="2021-06-06T18:00:18 EET" name="beforeMethod" finished-at="2021-06-06T18:00:19 EET" duration-ms="941" status="PASS">
          <reporter-output>
          </reporter-output>
        </test-method> <!-- beforeMethod -->
        <test-method signature="main()[pri:0, instance:TestNG_TestSuite.EditProfileProfileSummarySection@a3d8174]" started-at="2021-06-06T18:00:19 EET" name="main" finished-at="2021-06-06T18:00:22 EET" duration-ms="2364" status="PASS">
          <reporter-output>
          </reporter-output>
        </test-method> <!-- main -->
        <test-method is-config="true" signature="afterMethod()[pri:0, instance:TestNG_TestSuite.EditProfileProfileSummarySection@a3d8174]" started-at="2021-06-06T18:00:22 EET" name="afterMethod" finished-at="2021-06-06T18:00:22 EET" duration-ms="208" status="PASS">
          <reporter-output>
          </reporter-output>
        </test-method> <!-- afterMethod -->
      </class> <!-- TestNG_TestSuite.EditProfileProfileSummarySection -->
      <class name="TestNG_TestSuite.EditProfileProfessionalSection">
        <test-method is-config="true" signature="beforeMethod()[pri:0, instance:TestNG_TestSuite.EditProfileProfessionalSection@4944252c]" started-at="2021-06-06T18:00:10 EET" name="beforeMethod" finished-at="2021-06-06T18:00:10 EET" duration-ms="24" status="PASS">
          <reporter-output>
          </reporter-output>
        </test-method> <!-- beforeMethod -->
        <test-method signature="main()[pri:0, instance:TestNG_TestSuite.EditProfileProfessionalSection@4944252c]" started-at="2021-06-06T18:00:10 EET" name="main" finished-at="2021-06-06T18:00:13 EET" duration-ms="3549" status="FAIL">
          <exception class="org.openqa.selenium.ElementClickInterceptedException">
            <message>
              <![CDATA[element click intercepted: Element <span class="check-label">...</span> is not clickable at point (543, 515). Other element would receive the click: <li class="list-item" data-obj="{&quot;id&quot;:&quot;34&quot;,&quot;name&quot;:&quot;...&quot;}" data-id="34">Administration</li>
  (Session info: chrome=90.0.4430.212)
Build info: version: '3.141.59', revision: 'e82be7d358', time: '2018-11-14T08:25:48'
System info: host: 'LAPTOP-T1B1M2Q4', ip: '192.168.56.1', os.name: 'Windows 10', os.arch: 'amd64', os.version: '10.0', java.version: '11.0.2'
Driver info: org.openqa.selenium.chrome.ChromeDriver
Capabilities {acceptInsecureCerts: false, browserName: chrome, browserVersion: 90.0.4430.212, chrome: {chromedriverVersion: 90.0.4430.24 (4c6d850f087da..., userDataDir: C:\Users\topgi\AppData\Loca...}, goog:chromeOptions: {debuggerAddress: localhost:21556}, javascriptEnabled: true, networkConnectionEnabled: false, pageLoadStrategy: normal, platform: WINDOWS, platformName: WINDOWS, proxy: Proxy(), setWindowRect: true, strictFileInteractability: false, timeouts: {implicit: 0, pageLoad: 300000, script: 30000}, unhandledPromptBehavior: dismiss and notify, webauthn:extension:largeBlob: true, webauthn:virtualAuthenticators: true}
Session ID: 0f952e268e0d780e2232ca89e1a71d12]]>
            </message>
            <full-stacktrace>
              <![CDATA[org.openqa.selenium.ElementClickInterceptedException: element click intercepted: Element <span class="check-label">...</span> is not clickable at point (543, 515). Other element would receive the click: <li class="list-item" data-obj="{&quot;id&quot;:&quot;34&quot;,&quot;name&quot;:&quot;...&quot;}" data-id="34">Administration</li>
  (Session info: chrome=90.0.4430.212)
Build info: version: '3.141.59', revision: 'e82be7d358', time: '2018-11-14T08:25:48'
System info: host: 'LAPTOP-T1B1M2Q4', ip: '192.168.56.1', os.name: 'Windows 10', os.arch: 'amd64', os.version: '10.0', java.version: '11.0.2'
Driver info: org.openqa.selenium.chrome.ChromeDriver
Capabilities {acceptInsecureCerts: false, browserName: chrome, browserVersion: 90.0.4430.212, chrome: {chromedriverVersion: 90.0.4430.24 (4c6d850f087da..., userDataDir: C:\Users\topgi\AppData\Loca...}, goog:chromeOptions: {debuggerAddress: localhost:21556}, javascriptEnabled: true, networkConnectionEnabled: false, pageLoadStrategy: normal, platform: WINDOWS, platformName: WINDOWS, proxy: Proxy(), setWindowRect: true, strictFileInteractability: false, timeouts: {implicit: 0, pageLoad: 300000, script: 30000}, unhandledPromptBehavior: dismiss and notify, webauthn:extension:largeBlob: true, webauthn:virtualAuthenticators: true}
Session ID: 0f952e268e0d780e2232ca89e1a71d12
at java.base/jdk.internal.reflect.NativeConstructorAccessorImpl.newInstance0(Native Method)
at java.base/jdk.internal.reflect.NativeConstructorAccessorImpl.newInstance(NativeConstructorAccessorImpl.java:62)
at java.base/jdk.internal.reflect.DelegatingConstructorAccessorImpl.newInstance(DelegatingConstructorAccessorImpl.java:45)
at java.base/java.lang.reflect.Constructor.newInstance(Constructor.java:490)
at org.openqa.selenium.remote.http.W3CHttpResponseCodec.createException(W3CHttpResponseCodec.java:187)
at org.openqa.selenium.remote.http.W3CHttpResponseCodec.decode(W3CHttpResponseCodec.java:122)
at org.openqa.selenium.remote.http.W3CHttpResponseCodec.decode(W3CHttpResponseCodec.java:49)
at org.openqa.selenium.remote.HttpCommandExecutor.execute(HttpCommandExecutor.java:158)
at org.openqa.selenium.remote.service.DriverCommandExecutor.execute(DriverCommandExecutor.java:83)
at org.openqa.selenium.remote.RemoteWebDriver.execute(RemoteWebDriver.java:552)
at org.openqa.selenium.remote.RemoteWebElement.execute(RemoteWebElement.java:285)
at org.openqa.selenium.remote.RemoteWebElement.click(RemoteWebElement.java:84)
at TestNG_TestSuite.EditProfileProfessionalSection.main(EditProfileProfessionalSection.java:110)
at java.base/jdk.internal.reflect.NativeMethodAccessorImpl.invoke0(Native Method)
at java.base/jdk.internal.reflect.NativeMethodAccessorImpl.invoke(NativeMethodAccessorImpl.java:62)
at java.base/jdk.internal.reflect.DelegatingMethodAccessorImpl.invoke(DelegatingMethodAccessorImpl.java:43)
at java.base/java.lang.reflect.Method.invoke(Method.java:566)
at org.testng.internal.MethodInvocationHelper.invokeMethod(MethodInvocationHelper.java:133)
at org.testng.internal.TestInvoker.invokeMethod(TestInvoker.java:598)
at org.testng.internal.TestInvoker.invokeTestMethod(TestInvoker.java:173)
at org.testng.internal.MethodRunner.runInSequence(MethodRunner.java:46)
at org.testng.internal.TestInvoker$MethodInvocationAgent.invoke(TestInvoker.java:824)
at org.testng.internal.TestInvoker.invokeTestMethods(TestInvoker.java:146)
at org.testng.internal.TestMethodWorker.invokeTestMethods(TestMethodWorker.java:146)
at org.testng.internal.TestMethodWorker.run(TestMethodWorker.java:128)
at java.base/java.util.ArrayList.forEach(ArrayList.java:1540)
at org.testng.TestRunner.privateRun(TestRunner.java:794)
at org.testng.TestRunner.run(TestRunner.java:596)
at org.testng.SuiteRunner.runTest(SuiteRunner.java:377)
at org.testng.SuiteRunner.runSequentially(SuiteRunner.java:371)
at org.testng.SuiteRunner.privateRun(SuiteRunner.java:332)
at org.testng.SuiteRunner.run(SuiteRunner.java:276)
at org.testng.SuiteRunnerWorker.runSuite(SuiteRunnerWorker.java:53)
at org.testng.SuiteRunnerWorker.run(SuiteRunnerWorker.java:96)
at org.testng.TestNG.runSuitesSequentially(TestNG.java:1212)
at org.testng.TestNG.runSuitesLocally(TestNG.java:1134)
at org.testng.TestNG.runSuites(TestNG.java:1063)
at org.testng.TestNG.run(TestNG.java:1031)
at org.testng.remote.AbstractRemoteTestNG.run(AbstractRemoteTestNG.java:115)
at org.testng.remote.RemoteTestNG.initAndRun(RemoteTestNG.java:251)
at org.testng.remote.RemoteTestNG.main(RemoteTestNG.java:77)
]]>
            </full-stacktrace>
          </exception> <!-- org.openqa.selenium.ElementClickInterceptedException -->
          <reporter-output>
          </reporter-output>
        </test-method> <!-- main -->
        <test-method is-config="true" signature="afterMethod()[pri:0, instance:TestNG_TestSuite.EditProfileProfessionalSection@4944252c]" started-at="2021-06-06T18:00:13 EET" name="afterMethod" finished-at="2021-06-06T18:00:13 EET" duration-ms="13" status="PASS">
          <reporter-output>
          </reporter-output>
        </test-method> <!-- afterMethod -->
      </class> <!-- TestNG_TestSuite.EditProfileProfessionalSection -->
      <class name="TestNG_TestSuite.LogIn">
        <test-method is-config="true" signature="beforeMethod()[pri:0, instance:TestNG_TestSuite.LogIn@44a7bfbc]" started-at="2021-06-06T18:00:01 EET" name="beforeMethod" finished-at="2021-06-06T18:00:07 EET" duration-ms="6014" status="PASS">
          <reporter-output>
          </reporter-output>
        </test-method> <!-- beforeMethod -->
        <test-method signature="main()[pri:0, instance:TestNG_TestSuite.LogIn@44a7bfbc]" started-at="2021-06-06T18:00:07 EET" name="main" finished-at="2021-06-06T18:00:10 EET" duration-ms="2417" status="PASS">
          <reporter-output>
          </reporter-output>
        </test-method> <!-- main -->
        <test-method is-config="true" signature="afterMethod()[pri:0, instance:TestNG_TestSuite.LogIn@44a7bfbc]" started-at="2021-06-06T18:00:10 EET" name="afterMethod" finished-at="2021-06-06T18:00:10 EET" duration-ms="0" status="PASS">
          <reporter-output>
          </reporter-output>
        </test-method> <!-- afterMethod -->
      </class> <!-- TestNG_TestSuite.LogIn -->
      <class name="TestNG_TestSuite.EditProfileEducationSection">
        <test-method is-config="true" signature="beforeMethod()[pri:0, instance:TestNG_TestSuite.EditProfileEducationSection@44821a96]" started-at="2021-06-06T18:00:13 EET" name="beforeMethod" finished-at="2021-06-06T18:00:14 EET" duration-ms="1050" status="PASS">
          <reporter-output>
          </reporter-output>
        </test-method> <!-- beforeMethod -->
        <test-method signature="main()[pri:0, instance:TestNG_TestSuite.EditProfileEducationSection@44821a96]" started-at="2021-06-06T18:00:14 EET" name="main" finished-at="2021-06-06T18:00:18 EET" duration-ms="4126" status="PASS">
          <reporter-output>
          </reporter-output>
        </test-method> <!-- main -->
        <test-method is-config="true" signature="afterMethod()[pri:0, instance:TestNG_TestSuite.EditProfileEducationSection@44821a96]" started-at="2021-06-06T18:00:18 EET" name="afterMethod" finished-at="2021-06-06T18:00:18 EET" duration-ms="119" status="PASS">
          <reporter-output>
          </reporter-output>
        </test-method> <!-- afterMethod -->
      </class> <!-- TestNG_TestSuite.EditProfileEducationSection -->
    </test> <!-- Test -->
  </suite> <!-- Suite -->
</testng-results>
